<?xml version="1.0" encoding="UTF-8"?>
<testsuite xmlns:xsi="http://www.w3.org/2001/XMLSchema-instance" xsi:noNamespaceSchemaLocation="https://maven.apache.org/surefire/maven-surefire-plugin/xsd/surefire-test-report-3.0.xsd" version="3.0" name="com.bookville.BookvilleApplicationTests" time="12.915" tests="1" errors="0" skipped="0" failures="0">
  <properties>
[...]
</properties>
  <testcase name="contextLoads" classname="com.bookville.BookvilleApplicationTests" time="1.07">
    <system-out><![CDATA[01:54:31.476 [main] INFO org.springframework.test.context.support.AnnotationConfigContextLoaderUtils -- Could not detect default configuration classes for test class [com.bookville.BookvilleApplicationTests]: BookvilleApplicationTests does not declare any static, non-private, non-final, nested classes annotated with @Configuration.
01:54:31.797 [main] INFO org.springframework.boot.test.context.SpringBootTestContextBootstrapper -- Found @SpringBootConfiguration com.bookville.BookvilleApplication for test class com.bookville.BookvilleApplicationTests
01:54:32.325 [main] INFO org.springframework.boot.devtools.restart.RestartApplicationListener -- Restart disabled due to context in which it is running
  .   ____          _            __ _ _
 /\\ / ___'_ __ _ _(_)_ __  __ _ \ \ \ \
( ( )\___ | '_ | '_| | '_ \/ _` | \ \ \ \
 \\/  ___)| |_)| | | | | || (_| |  ) ) ) )
  '  |____| .__|_| |_|_| |_\__, | / / / /
 =========|_|==============|___/=/_/_/_/

 :: Spring Boot ::                (v3.3.0)

2024-06-03T01:54:33.001+01:00  INFO 26079 --- [bookville] [           main] c.bookville.BookvilleApplicationTests    : Starting BookvilleApplicationTests using Java 22.0.1 with PID 26079 (started by macbookair in /Users/macbookair/Desktop/Booksville/bookville)
2024-06-03T01:54:33.005+01:00  INFO 26079 --- [bookville] [           main] c.bookville.BookvilleApplicationTests    : No active profile set, falling back to 1 default profile: "default"
2024-06-03T01:54:34.798+01:00  INFO 26079 --- [bookville] [           main] .s.d.r.c.RepositoryConfigurationDelegate : Bootstrapping Spring Data JPA repositories in DEFAULT mode.
2024-06-03T01:54:34.926+01:00  INFO 26079 --- [bookville] [           main] .s.d.r.c.RepositoryConfigurationDelegate : Finished Spring Data repository scanning in 105 ms. Found 2 JPA repository interfaces.
2024-06-03T01:54:35.975+01:00  INFO 26079 --- [bookville] [           main] o.hibernate.jpa.internal.util.LogHelper  : HHH000204: Processing PersistenceUnitInfo [name: default]
2024-06-03T01:54:36.143+01:00  INFO 26079 --- [bookville] [           main] org.hibernate.Version                    : HHH000412: Hibernate ORM core version 6.5.2.Final
2024-06-03T01:54:36.240+01:00  INFO 26079 --- [bookville] [           main] o.h.c.internal.RegionFactoryInitiator    : HHH000026: Second-level cache disabled
2024-06-03T01:54:37.108+01:00  INFO 26079 --- [bookville] [           main] o.s.o.j.p.SpringPersistenceUnitInfo      : No LoadTimeWeaver setup: ignoring JPA class transformer
2024-06-03T01:54:37.179+01:00  INFO 26079 --- [bookville] [           main] com.zaxxer.hikari.HikariDataSource       : HikariPool-1 - Starting...
2024-06-03T01:54:37.966+01:00  INFO 26079 --- [bookville] [           main] com.zaxxer.hikari.pool.HikariPool        : HikariPool-1 - Added connection com.mysql.cj.jdbc.ConnectionImpl@7d1cb59f
2024-06-03T01:54:37.969+01:00  INFO 26079 --- [bookville] [           main] com.zaxxer.hikari.HikariDataSource       : HikariPool-1 - Start completed.
2024-06-03T01:54:40.166+01:00  INFO 26079 --- [bookville] [           main] o.h.e.t.j.p.i.JtaPlatformInitiator       : HHH000489: No JTA platform available (set 'hibernate.transaction.jta.platform' to enable JTA platform integration)
2024-06-03T01:54:40.501+01:00  INFO 26079 --- [bookville] [           main] j.LocalContainerEntityManagerFactoryBean : Initialized JPA EntityManagerFactory for persistence unit 'default'
2024-06-03T01:54:41.289+01:00  INFO 26079 --- [bookville] [           main] eAuthenticationProviderManagerConfigurer : Global AuthenticationManager configured with AuthenticationProvider bean with name authenticationProvider
2024-06-03T01:54:41.290+01:00  WARN 26079 --- [bookville] [           main] r$InitializeUserDetailsManagerConfigurer : Global AuthenticationManager configured with an AuthenticationProvider bean. UserDetailsService beans will not be used for username/password login. Consider removing the AuthenticationProvider bean. Alternatively, consider using the UserDetailsService in a manually instantiated DaoAuthenticationProvider.
2024-06-03T01:54:41.347+01:00  WARN 26079 --- [bookville] [           main] JpaBaseConfiguration$JpaWebConfiguration : spring.jpa.open-in-view is enabled by default. Therefore, database queries may be performed during view rendering. Explicitly configure spring.jpa.open-in-view to disable this warning
2024-06-03T01:54:42.127+01:00  INFO 26079 --- [bookville] [           main] o.s.s.web.DefaultSecurityFilterChain     : Will secure any request with [org.springframework.security.web.session.DisableEncodeUrlFilter@3203a4ae, org.springframework.security.web.context.request.async.WebAsyncManagerIntegrationFilter@59301546, org.springframework.security.web.context.SecurityContextHolderFilter@133d0471, org.springframework.security.web.header.HeaderWriterFilter@46baac0d, org.springframework.web.filter.CorsFilter@25fc2b8f, org.springframework.security.web.authentication.logout.LogoutFilter@4fb42efa, com.bookville.config.JWTAuthFilter@1784a296, org.springframework.security.web.savedrequest.RequestCacheAwareFilter@643fed50, org.springframework.security.web.servletapi.SecurityContextHolderAwareRequestFilter@1ece052b, org.springframework.security.web.authentication.AnonymousAuthenticationFilter@363d29dd, org.springframework.security.web.session.SessionManagementFilter@23307c6c, org.springframework.security.web.access.ExceptionTranslationFilter@4767be27, org.springframework.security.web.access.intercept.AuthorizationFilter@5de6c7d7]
2024-06-03T01:54:42.758+01:00  INFO 26079 --- [bookville] [           main] c.bookville.BookvilleApplicationTests    : Started BookvilleApplicationTests in 10.481 seconds (process running for 12.924)
]]></system-out>
    <system-err><![CDATA[WARNING: A Java agent has been loaded dynamically (/Users/macbookair/.m2/repository/net/bytebuddy/byte-buddy-agent/1.14.16/byte-buddy-agent-1.14.16.jar)
WARNING: If a serviceability tool is in use, please run with -XX:+EnableDynamicAgentLoading to hide this warning
WARNING: If a serviceability tool is not in use, please run with -Djdk.instrument.traceUsage for more information
WARNING: Dynamic loading of agents will be disallowed by default in a future release
]]></system-err>
  </testcase>
</testsuite>